[0.077s] DEBUG:colcon:Command line arguments: ['/usr/bin/colcon', 'list', '-p', '--base-paths', '/home/sahan-dissanayaka/fyp_robot_ws/src/robot_ekf_implementation', '--log-base', '/dev/null']
[0.077s] DEBUG:colcon:Parsed command line arguments: Namespace(log_base=None, log_level=None, verb_name='list', build_base='build', ignore_user_meta=False, metas=['./colcon.meta'], base_paths=['/home/sahan-dissanayaka/fyp_robot_ws/src/robot_ekf_implementation', '--log-base', '/dev/null'], packages_ignore=None, packages_ignore_regex=None, paths=None, packages_up_to=None, packages_up_to_regex=None, packages_above=None, packages_above_and_dependencies=None, packages_above_depth=None, packages_select_by_dep=None, packages_skip_by_dep=None, packages_skip_up_to=None, packages_select_build_failed=False, packages_skip_build_finished=False, packages_select_test_failures=False, packages_skip_test_passed=False, packages_select=None, packages_skip=None, packages_select_regex=None, packages_skip_regex=None, packages_start=None, packages_end=None, allow_overriding=[], topological_order=False, names_only=False, paths_only=True, topological_graph=False, topological_graph_dot=False, topological_graph_density=False, topological_graph_legend=False, topological_graph_dot_cluster=False, topological_graph_dot_include_skipped=False, mixin_files=None, mixin=None, verb_parser=<colcon_mixin.mixin.mixin_argument.MixinArgumentDecorator object at 0x75bd4f39a8d0>, verb_extension=<colcon_package_information.verb.list.ListVerb object at 0x75bd4f399af0>, main=<bound method ListVerb.main of <colcon_package_information.verb.list.ListVerb object at 0x75bd4f399af0>>, mixin_verb=('list',))
[0.106s] Level 1:colcon.colcon_core.package_discovery:discover_packages(colcon_meta) check parameters
[0.106s] Level 1:colcon.colcon_core.package_discovery:discover_packages(recursive) check parameters
[0.106s] Level 1:colcon.colcon_core.package_discovery:discover_packages(ignore) check parameters
[0.106s] Level 1:colcon.colcon_core.package_discovery:discover_packages(path) check parameters
[0.106s] Level 1:colcon.colcon_core.package_discovery:discover_packages(recursive) discover
[0.106s] INFO:colcon.colcon_core.package_discovery:Crawling recursively for packages in '/home/sahan-dissanayaka/fyp_robot_ws/src/robot_ekf_implementation', '/home/sahan-dissanayaka/fyp_robot_ws/src/robot_ekf_implementation/--log-base', '/dev/null'
[0.107s] Level 1:colcon.colcon_core.package_identification:_identify(/home/sahan-dissanayaka/fyp_robot_ws/src/robot_ekf_implementation) by extensions ['ignore', 'ignore_ament_install']
[0.107s] Level 1:colcon.colcon_core.package_identification:_identify(/home/sahan-dissanayaka/fyp_robot_ws/src/robot_ekf_implementation) by extension 'ignore'
[0.107s] Level 1:colcon.colcon_core.package_identification:_identify(/home/sahan-dissanayaka/fyp_robot_ws/src/robot_ekf_implementation) by extension 'ignore_ament_install'
[0.107s] Level 1:colcon.colcon_core.package_identification:_identify(/home/sahan-dissanayaka/fyp_robot_ws/src/robot_ekf_implementation) by extensions ['colcon_pkg']
[0.107s] Level 1:colcon.colcon_core.package_identification:_identify(/home/sahan-dissanayaka/fyp_robot_ws/src/robot_ekf_implementation) by extension 'colcon_pkg'
[0.107s] Level 1:colcon.colcon_core.package_identification:_identify(/home/sahan-dissanayaka/fyp_robot_ws/src/robot_ekf_implementation) by extensions ['colcon_meta']
[0.107s] Level 1:colcon.colcon_core.package_identification:_identify(/home/sahan-dissanayaka/fyp_robot_ws/src/robot_ekf_implementation) by extension 'colcon_meta'
[0.107s] Level 1:colcon.colcon_core.package_identification:_identify(/home/sahan-dissanayaka/fyp_robot_ws/src/robot_ekf_implementation) by extensions ['ros']
[0.107s] Level 1:colcon.colcon_core.package_identification:_identify(/home/sahan-dissanayaka/fyp_robot_ws/src/robot_ekf_implementation) by extension 'ros'
[0.127s] Level 1:colcon.colcon_core.package_identification:_identify(/home/sahan-dissanayaka/fyp_robot_ws/src/robot_ekf_implementation) by extensions ['cmake', 'python']
[0.127s] Level 1:colcon.colcon_core.package_identification:_identify(/home/sahan-dissanayaka/fyp_robot_ws/src/robot_ekf_implementation) by extension 'cmake'
[0.127s] Level 1:colcon.colcon_core.package_identification:_identify(/home/sahan-dissanayaka/fyp_robot_ws/src/robot_ekf_implementation) by extension 'python'
[0.127s] Level 1:colcon.colcon_core.package_identification:_identify(/home/sahan-dissanayaka/fyp_robot_ws/src/robot_ekf_implementation) by extensions ['python_setup_py']
[0.127s] Level 1:colcon.colcon_core.package_identification:_identify(/home/sahan-dissanayaka/fyp_robot_ws/src/robot_ekf_implementation) by extension 'python_setup_py'
[0.127s] Level 1:colcon.colcon_core.package_identification:_identify(/home/sahan-dissanayaka/fyp_robot_ws/src/robot_ekf_implementation/log) by extensions ['ignore', 'ignore_ament_install']
[0.127s] Level 1:colcon.colcon_core.package_identification:_identify(/home/sahan-dissanayaka/fyp_robot_ws/src/robot_ekf_implementation/log) by extension 'ignore'
[0.127s] Level 1:colcon.colcon_core.package_identification:_identify(/home/sahan-dissanayaka/fyp_robot_ws/src/robot_ekf_implementation/log) ignored
[0.127s] Level 1:colcon.colcon_core.package_identification:_identify(/home/sahan-dissanayaka/fyp_robot_ws/src/robot_ekf_implementation/robot_bringup) by extensions ['ignore', 'ignore_ament_install']
[0.127s] Level 1:colcon.colcon_core.package_identification:_identify(/home/sahan-dissanayaka/fyp_robot_ws/src/robot_ekf_implementation/robot_bringup) by extension 'ignore'
[0.127s] Level 1:colcon.colcon_core.package_identification:_identify(/home/sahan-dissanayaka/fyp_robot_ws/src/robot_ekf_implementation/robot_bringup) by extension 'ignore_ament_install'
[0.127s] Level 1:colcon.colcon_core.package_identification:_identify(/home/sahan-dissanayaka/fyp_robot_ws/src/robot_ekf_implementation/robot_bringup) by extensions ['colcon_pkg']
[0.127s] Level 1:colcon.colcon_core.package_identification:_identify(/home/sahan-dissanayaka/fyp_robot_ws/src/robot_ekf_implementation/robot_bringup) by extension 'colcon_pkg'
[0.128s] Level 1:colcon.colcon_core.package_identification:_identify(/home/sahan-dissanayaka/fyp_robot_ws/src/robot_ekf_implementation/robot_bringup) by extensions ['colcon_meta']
[0.128s] Level 1:colcon.colcon_core.package_identification:_identify(/home/sahan-dissanayaka/fyp_robot_ws/src/robot_ekf_implementation/robot_bringup) by extension 'colcon_meta'
[0.128s] Level 1:colcon.colcon_core.package_identification:_identify(/home/sahan-dissanayaka/fyp_robot_ws/src/robot_ekf_implementation/robot_bringup) by extensions ['ros']
[0.128s] Level 1:colcon.colcon_core.package_identification:_identify(/home/sahan-dissanayaka/fyp_robot_ws/src/robot_ekf_implementation/robot_bringup) by extension 'ros'
[0.130s] DEBUG:colcon.colcon_core.package_identification:Package '/home/sahan-dissanayaka/fyp_robot_ws/src/robot_ekf_implementation/robot_bringup' with type 'ros.ament_cmake' and name 'robot_bringup'
[0.130s] Level 1:colcon.colcon_core.package_identification:_identify(/home/sahan-dissanayaka/fyp_robot_ws/src/robot_ekf_implementation/robot_description) by extensions ['ignore', 'ignore_ament_install']
[0.131s] Level 1:colcon.colcon_core.package_identification:_identify(/home/sahan-dissanayaka/fyp_robot_ws/src/robot_ekf_implementation/robot_description) by extension 'ignore'
[0.131s] Level 1:colcon.colcon_core.package_identification:_identify(/home/sahan-dissanayaka/fyp_robot_ws/src/robot_ekf_implementation/robot_description) by extension 'ignore_ament_install'
[0.131s] Level 1:colcon.colcon_core.package_identification:_identify(/home/sahan-dissanayaka/fyp_robot_ws/src/robot_ekf_implementation/robot_description) by extensions ['colcon_pkg']
[0.131s] Level 1:colcon.colcon_core.package_identification:_identify(/home/sahan-dissanayaka/fyp_robot_ws/src/robot_ekf_implementation/robot_description) by extension 'colcon_pkg'
[0.131s] Level 1:colcon.colcon_core.package_identification:_identify(/home/sahan-dissanayaka/fyp_robot_ws/src/robot_ekf_implementation/robot_description) by extensions ['colcon_meta']
[0.131s] Level 1:colcon.colcon_core.package_identification:_identify(/home/sahan-dissanayaka/fyp_robot_ws/src/robot_ekf_implementation/robot_description) by extension 'colcon_meta'
[0.131s] Level 1:colcon.colcon_core.package_identification:_identify(/home/sahan-dissanayaka/fyp_robot_ws/src/robot_ekf_implementation/robot_description) by extensions ['ros']
[0.131s] Level 1:colcon.colcon_core.package_identification:_identify(/home/sahan-dissanayaka/fyp_robot_ws/src/robot_ekf_implementation/robot_description) by extension 'ros'
[0.131s] DEBUG:colcon.colcon_core.package_identification:Package '/home/sahan-dissanayaka/fyp_robot_ws/src/robot_ekf_implementation/robot_description' with type 'ros.ament_cmake' and name 'robot_description'
[0.131s] Level 1:colcon.colcon_core.package_identification:_identify(/home/sahan-dissanayaka/fyp_robot_ws/src/robot_ekf_implementation/robot_ekf) by extensions ['ignore', 'ignore_ament_install']
[0.131s] Level 1:colcon.colcon_core.package_identification:_identify(/home/sahan-dissanayaka/fyp_robot_ws/src/robot_ekf_implementation/robot_ekf) by extension 'ignore'
[0.131s] Level 1:colcon.colcon_core.package_identification:_identify(/home/sahan-dissanayaka/fyp_robot_ws/src/robot_ekf_implementation/robot_ekf) by extension 'ignore_ament_install'
[0.131s] Level 1:colcon.colcon_core.package_identification:_identify(/home/sahan-dissanayaka/fyp_robot_ws/src/robot_ekf_implementation/robot_ekf) by extensions ['colcon_pkg']
[0.131s] Level 1:colcon.colcon_core.package_identification:_identify(/home/sahan-dissanayaka/fyp_robot_ws/src/robot_ekf_implementation/robot_ekf) by extension 'colcon_pkg'
[0.131s] Level 1:colcon.colcon_core.package_identification:_identify(/home/sahan-dissanayaka/fyp_robot_ws/src/robot_ekf_implementation/robot_ekf) by extensions ['colcon_meta']
[0.131s] Level 1:colcon.colcon_core.package_identification:_identify(/home/sahan-dissanayaka/fyp_robot_ws/src/robot_ekf_implementation/robot_ekf) by extension 'colcon_meta'
[0.131s] Level 1:colcon.colcon_core.package_identification:_identify(/home/sahan-dissanayaka/fyp_robot_ws/src/robot_ekf_implementation/robot_ekf) by extensions ['ros']
[0.131s] Level 1:colcon.colcon_core.package_identification:_identify(/home/sahan-dissanayaka/fyp_robot_ws/src/robot_ekf_implementation/robot_ekf) by extension 'ros'
[0.132s] DEBUG:colcon.colcon_core.package_identification:Package '/home/sahan-dissanayaka/fyp_robot_ws/src/robot_ekf_implementation/robot_ekf' with type 'ros.ament_python' and name 'robot_ekf'
[0.132s] Level 1:colcon.colcon_core.package_identification:_identify(/home/sahan-dissanayaka/fyp_robot_ws/src/robot_ekf_implementation/robot_gazebo) by extensions ['ignore', 'ignore_ament_install']
[0.132s] Level 1:colcon.colcon_core.package_identification:_identify(/home/sahan-dissanayaka/fyp_robot_ws/src/robot_ekf_implementation/robot_gazebo) by extension 'ignore'
[0.132s] Level 1:colcon.colcon_core.package_identification:_identify(/home/sahan-dissanayaka/fyp_robot_ws/src/robot_ekf_implementation/robot_gazebo) by extension 'ignore_ament_install'
[0.132s] Level 1:colcon.colcon_core.package_identification:_identify(/home/sahan-dissanayaka/fyp_robot_ws/src/robot_ekf_implementation/robot_gazebo) by extensions ['colcon_pkg']
[0.132s] Level 1:colcon.colcon_core.package_identification:_identify(/home/sahan-dissanayaka/fyp_robot_ws/src/robot_ekf_implementation/robot_gazebo) by extension 'colcon_pkg'
[0.132s] Level 1:colcon.colcon_core.package_identification:_identify(/home/sahan-dissanayaka/fyp_robot_ws/src/robot_ekf_implementation/robot_gazebo) by extensions ['colcon_meta']
[0.132s] Level 1:colcon.colcon_core.package_identification:_identify(/home/sahan-dissanayaka/fyp_robot_ws/src/robot_ekf_implementation/robot_gazebo) by extension 'colcon_meta'
[0.132s] Level 1:colcon.colcon_core.package_identification:_identify(/home/sahan-dissanayaka/fyp_robot_ws/src/robot_ekf_implementation/robot_gazebo) by extensions ['ros']
[0.132s] Level 1:colcon.colcon_core.package_identification:_identify(/home/sahan-dissanayaka/fyp_robot_ws/src/robot_ekf_implementation/robot_gazebo) by extension 'ros'
[0.132s] DEBUG:colcon.colcon_core.package_identification:Package '/home/sahan-dissanayaka/fyp_robot_ws/src/robot_ekf_implementation/robot_gazebo' with type 'ros.ament_cmake' and name 'robot_gazebo'
[0.133s] Level 1:colcon.colcon_core.package_identification:_identify(/home/sahan-dissanayaka/fyp_robot_ws/src/robot_ekf_implementation/robot_path) by extensions ['ignore', 'ignore_ament_install']
[0.133s] Level 1:colcon.colcon_core.package_identification:_identify(/home/sahan-dissanayaka/fyp_robot_ws/src/robot_ekf_implementation/robot_path) by extension 'ignore'
[0.133s] Level 1:colcon.colcon_core.package_identification:_identify(/home/sahan-dissanayaka/fyp_robot_ws/src/robot_ekf_implementation/robot_path) by extension 'ignore_ament_install'
[0.133s] Level 1:colcon.colcon_core.package_identification:_identify(/home/sahan-dissanayaka/fyp_robot_ws/src/robot_ekf_implementation/robot_path) by extensions ['colcon_pkg']
[0.133s] Level 1:colcon.colcon_core.package_identification:_identify(/home/sahan-dissanayaka/fyp_robot_ws/src/robot_ekf_implementation/robot_path) by extension 'colcon_pkg'
[0.133s] Level 1:colcon.colcon_core.package_identification:_identify(/home/sahan-dissanayaka/fyp_robot_ws/src/robot_ekf_implementation/robot_path) by extensions ['colcon_meta']
[0.133s] Level 1:colcon.colcon_core.package_identification:_identify(/home/sahan-dissanayaka/fyp_robot_ws/src/robot_ekf_implementation/robot_path) by extension 'colcon_meta'
[0.133s] Level 1:colcon.colcon_core.package_identification:_identify(/home/sahan-dissanayaka/fyp_robot_ws/src/robot_ekf_implementation/robot_path) by extensions ['ros']
[0.133s] Level 1:colcon.colcon_core.package_identification:_identify(/home/sahan-dissanayaka/fyp_robot_ws/src/robot_ekf_implementation/robot_path) by extension 'ros'
[0.133s] DEBUG:colcon.colcon_core.package_identification:Package '/home/sahan-dissanayaka/fyp_robot_ws/src/robot_ekf_implementation/robot_path' with type 'ros.ament_python' and name 'robot_path'
[0.133s] Level 1:colcon.colcon_core.package_discovery:discover_packages(recursive) using defaults
